<?xml version="1.0" encoding="utf-8"?><testsuites name="pytest tests"><testsuite name="pytest" errors="0" failures="0" skipped="0" tests="13" time="5.356" timestamp="2026-06-26T01:05:16.913247+00:00" hostname="agent-env-25ecb84a-368f-4d9c-9346-23982b320257"><testcase classname="tests.backend_test.TestAuth" name="test_login_wrong" time="0.171" /><testcase classname="tests.backend_test.TestAuth" name="test_me_requires_auth" time="0.110" /><testcase classname="tests.backend_test.TestAuth" name="test_me_with_token" time="0.205" /><testcase classname="tests.backend_test.TestAuth" name="test_protected_endpoints_unauth" time="0.315" /><testcase classname="tests.backend_test.TestFolders" name="test_list_has_default" time="0.102" /><testcase classname="tests.backend_test.TestFolders" name="test_create_and_delete" time="0.407" /><testcase classname="tests.backend_test.TestFolders" name="test_cannot_delete_default" time="0.236" /><testcase classname="tests.backend_test.TestFolders" name="test_empty_name_rejected" time="0.115" /><testcase classname="tests.backend_test.TestClans" name="test_list_clans" time="0.097" /><testcase classname="tests.backend_test.TestClans" name="test_clan_lifecycle" time="2.115" /><testcase classname="tests.backend_test.TestClans" name="test_invalid_clan_tag" time="0.456" /><testcase classname="tests.backend_test.TestSync" name="test_sync_status" time="0.102" /><testcase classname="tests.backend_test.TestSync" name="test_sync_all" time="0.846" /></testsuite></testsuites>